<?xml version="1.0" encoding="UTF-8"?>
<testng-results skipped="0" failed="0" ignored="0" total="1" passed="1">
  <reporter-output>
  </reporter-output>
  <suite name="Default suite" duration-ms="6688" started-at="2018-10-27T00:48:59Z" finished-at="2018-10-27T00:49:06Z">
    <groups>
    </groups>
    <test name="Default test" duration-ms="6688" started-at="2018-10-27T00:48:59Z" finished-at="2018-10-27T00:49:06Z">
      <class name="phpTravels.test.pack.PhpTravelsAccountRegisterTest">
        <test-method status="PASS" signature="beforeClass()[pri:0, instance:phpTravels.test.pack.PhpTravelsAccountRegisterTest@101952da]" name="beforeClass" is-config="true" duration-ms="2819" started-at="2018-10-27T00:48:59Z" finished-at="2018-10-27T00:49:02Z">
          <reporter-output>
          </reporter-output>
        </test-method> <!-- beforeClass -->
        <test-method status="PASS" signature="executeTest()[pri:0, instance:phpTravels.test.pack.PhpTravelsAccountRegisterTest@101952da]" name="executeTest" duration-ms="3655" started-at="2018-10-27T00:49:02Z" finished-at="2018-10-27T00:49:06Z">
          <reporter-output>
          </reporter-output>
        </test-method> <!-- executeTest -->
        <test-method status="PASS" signature="afterClass()[pri:0, instance:phpTravels.test.pack.PhpTravelsAccountRegisterTest@101952da]" name="afterClass" is-config="true" duration-ms="194" started-at="2018-10-27T00:49:06Z" finished-at="2018-10-27T00:49:06Z">
          <reporter-output>
          </reporter-output>
        </test-method> <!-- afterClass -->
      </class> <!-- phpTravels.test.pack.PhpTravelsAccountRegisterTest -->
    </test> <!-- Default test -->
  </suite> <!-- Default suite -->
</testng-results>
